INFO:root:Testing Loggings
ERROR:root:Exception in main()
Traceback (most recent call last):
  File "<ipython-input-2-8e3e74864ecc>", line 14, in <module>
    exit(main())
NameError: name 'main' is not defined
INFO:root:train Dataset read successfully
INFO:root:test Dataset read successfully
INFO:root:sample_submission Dataset read successfully
INFO:root:store Dataset read successfully
INFO:root:train Dataset read successfully
INFO:root:store Dataset read successfully
INFO:root:test Dataset read successfully
INFO:root:sample_submission Dataset read successfully
INFO:numexpr.utils:NumExpr defaulting to 4 threads.
INFO:root:train Dataset read successfully
INFO:root:test Dataset read successfully
INFO:root:sample_submission Dataset read successfully
INFO:root:store Dataset read successfully
INFO:root:train Dataset read successfully
INFO:root:store Dataset read successfully
INFO:root:test Dataset read successfully
INFO:root:sample_submission Dataset read successfully
INFO:root:train Dataset read successfully
INFO:root:store Dataset read successfully
INFO:root:test Dataset read successfully
INFO:root:sample_submission Dataset read successfully
ERROR:root:Exception occured in extracting Features and adding to dataset, Exception:'RangeIndex' object has no attribute 'year'
Traceback (most recent call last):
  File "<ipython-input-38-43d1453baf08>", line 2, in <module>
    train_data['Year'] = train_data.index.year
AttributeError: 'RangeIndex' object has no attribute 'year'
ERROR:root:Exception occured in extracting Features and adding to dataset, Exception:'Series' object has no attribute 'year'
Traceback (most recent call last):
  File "<ipython-input-39-ee8eab932c3d>", line 2, in <module>
    train_data['Year'] = train_data.Date.year
  File "/home/ethan/anaconda3/lib/python3.8/site-packages/pandas/core/generic.py", line 5141, in __getattr__
    return object.__getattribute__(self, name)
AttributeError: 'Series' object has no attribute 'year'
ERROR:root:Exception occured in extracting Features and adding to dataset, Exception:'Series' object has no attribute 'year'
Traceback (most recent call last):
  File "<ipython-input-40-6a5f234ac77e>", line 2, in <module>
    train_data['Year'] = train_data.Date.year
  File "/home/ethan/anaconda3/lib/python3.8/site-packages/pandas/core/generic.py", line 5141, in __getattr__
    return object.__getattribute__(self, name)
AttributeError: 'Series' object has no attribute 'year'
ERROR:root:Exception occured in extracting Features and adding to dataset, Exception:Can only use .dt accessor with datetimelike values
Traceback (most recent call last):
  File "<ipython-input-41-c54920bc8bb6>", line 2, in <module>
    train_data['Year'] = train_data.Date.dt.year
  File "/home/ethan/anaconda3/lib/python3.8/site-packages/pandas/core/generic.py", line 5137, in __getattr__
    return object.__getattribute__(self, name)
  File "/home/ethan/anaconda3/lib/python3.8/site-packages/pandas/core/accessor.py", line 187, in __get__
    accessor_obj = self._accessor(obj)
  File "/home/ethan/anaconda3/lib/python3.8/site-packages/pandas/core/indexes/accessors.py", line 480, in __new__
    raise AttributeError("Can only use .dt accessor with datetimelike values")
AttributeError: Can only use .dt accessor with datetimelike values
ERROR:root:Exception occured in extracting Features and adding to dataset, Exception:cannot convert the series to <class 'float'>
Traceback (most recent call last):
  File "<ipython-input-52-0ad34dc1b82b>", line 7, in <module>
    train_data['Week'] = math.floor(train_data.Date.dt.day/7+1)
  File "/home/ethan/anaconda3/lib/python3.8/site-packages/pandas/core/series.py", line 129, in wrapper
    raise TypeError(f"cannot convert the series to {converter}")
TypeError: cannot convert the series to <class 'float'>
ERROR:root:Exception occured in extracting Features and adding to dataset, Exception:cannot convert the series to <class 'float'>
Traceback (most recent call last):
  File "<ipython-input-54-6aa9f7180489>", line 7, in <module>
    train_data['Week'] = round(math.floor(train_data.Date.dt.day/7+1),0)
  File "/home/ethan/anaconda3/lib/python3.8/site-packages/pandas/core/series.py", line 129, in wrapper
    raise TypeError(f"cannot convert the series to {converter}")
TypeError: cannot convert the series to <class 'float'>
ERROR:root:Exception occured in extracting Features and adding to dataset, Exception:cannot convert the series to <class 'float'>
Traceback (most recent call last):
  File "<ipython-input-56-72d51f1bd02a>", line 7, in <module>
    train_data['Week'] = round(math.floor(train_data.Date.dt.day/7+1),1)
  File "/home/ethan/anaconda3/lib/python3.8/site-packages/pandas/core/series.py", line 129, in wrapper
    raise TypeError(f"cannot convert the series to {converter}")
TypeError: cannot convert the series to <class 'float'>
ERROR:root:Exception occured in extracting Features and adding to dataset, Exception:cannot convert the series to <class 'float'>
Traceback (most recent call last):
  File "<ipython-input-58-a403c5a01e7b>", line 7, in <module>
    train_data['Week'] = math.floor(round(train_data.Date.dt.day/7+1,0))
  File "/home/ethan/anaconda3/lib/python3.8/site-packages/pandas/core/series.py", line 129, in wrapper
    raise TypeError(f"cannot convert the series to {converter}")
TypeError: cannot convert the series to <class 'float'>
ERROR:root:Exception occured in extracting Features and adding to dataset, Exception:cannot convert the series to <class 'float'>
Traceback (most recent call last):
  File "<ipython-input-60-bd74f328bc65>", line 7, in <module>
    train_data['Week'] = math.floor(round(train_data.Date.dt.day/7+1))
  File "/home/ethan/anaconda3/lib/python3.8/site-packages/pandas/core/series.py", line 129, in wrapper
    raise TypeError(f"cannot convert the series to {converter}")
TypeError: cannot convert the series to <class 'float'>
ERROR:root:Exception occured in extracting Features and adding to dataset, Exception:cannot convert the series to <class 'float'>
Traceback (most recent call last):
  File "<ipython-input-62-fd7792682bbe>", line 7, in <module>
    train_data['Week'] = round(math.floor(train_data.Date.dt.day/7+1))
  File "/home/ethan/anaconda3/lib/python3.8/site-packages/pandas/core/series.py", line 129, in wrapper
    raise TypeError(f"cannot convert the series to {converter}")
TypeError: cannot convert the series to <class 'float'>
ERROR:root:Exception occured in extracting Features and adding to dataset, Exception:cannot convert the series to <class 'float'>
Traceback (most recent call last):
  File "<ipython-input-64-0ad34dc1b82b>", line 7, in <module>
    train_data['Week'] = math.floor(train_data.Date.dt.day/7+1)
  File "/home/ethan/anaconda3/lib/python3.8/site-packages/pandas/core/series.py", line 129, in wrapper
    raise TypeError(f"cannot convert the series to {converter}")
TypeError: cannot convert the series to <class 'float'>
ERROR:root:Exception occured in extracting Features and adding to dataset, Exception:cannot convert the series to <class 'float'>
Traceback (most recent call last):
  File "<ipython-input-66-ed38dea8b142>", line 7, in <module>
    train_data['Week'] = format(math.floor(train_data.Date.dt.day/7+1),".0f")
  File "/home/ethan/anaconda3/lib/python3.8/site-packages/pandas/core/series.py", line 129, in wrapper
    raise TypeError(f"cannot convert the series to {converter}")
TypeError: cannot convert the series to <class 'float'>
ERROR:root:Exception occured in extracting Features and adding to dataset, Exception:cannot convert the series to <class 'float'>
Traceback (most recent call last):
  File "<ipython-input-68-3c72bbac0f06>", line 7, in <module>
    train_data['Week'] = format(math.floor(train_data.Date.dt.day/7+1),".1f")
  File "/home/ethan/anaconda3/lib/python3.8/site-packages/pandas/core/series.py", line 129, in wrapper
    raise TypeError(f"cannot convert the series to {converter}")
TypeError: cannot convert the series to <class 'float'>
ERROR:root:Exception occured in extracting Features and adding to dataset, Exception:cannot convert the series to <class 'float'>
Traceback (most recent call last):
  File "<ipython-input-70-0ad34dc1b82b>", line 7, in <module>
    train_data['Week'] = math.floor(train_data.Date.dt.day/7+1)
  File "/home/ethan/anaconda3/lib/python3.8/site-packages/pandas/core/series.py", line 129, in wrapper
    raise TypeError(f"cannot convert the series to {converter}")
TypeError: cannot convert the series to <class 'float'>
ERROR:root:Exception occured in extracting Features and adding to dataset, Exception:'DatetimeProperties' object has no attribute 'weekofmonth'
Traceback (most recent call last):
  File "<ipython-input-74-8bb79331aa2b>", line 7, in <module>
    train_data['Week'] = train_data.Date.dt.weekofmonth
AttributeError: 'DatetimeProperties' object has no attribute 'weekofmonth'
INFO:root:Testing Loggings
ERROR:root:Exception in main()
Traceback (most recent call last):
  File "<ipython-input-5-8e3e74864ecc>", line 14, in <module>
    exit(main())
NameError: name 'main' is not defined
INFO:root:train Dataset read successfully
INFO:root:test Dataset read successfully
INFO:root:sample_submission Dataset read successfully
INFO:root:store Dataset read successfully
INFO:root:train Dataset read successfully
INFO:root:store Dataset read successfully
INFO:root:test Dataset read successfully
INFO:root:sample_submission Dataset read successfully
INFO:numexpr.utils:NumExpr defaulting to 4 threads.
INFO:root: Joining          Store  DayOfWeek       Date  Sales  Customers  Open  Promo  \
0            1          5 2015-07-31   5263        555     1      1   
1            2          5 2015-07-31   6064        625     1      1   
2            3          5 2015-07-31   8314        821     1      1   
3            4          5 2015-07-31  13995       1498     1      1   
4            5          5 2015-07-31   4822        559     1      1   
...        ...        ...        ...    ...        ...   ...    ...   
1017204   1111          2 2013-01-01      0          0     0      0   
1017205   1112          2 2013-01-01      0          0     0      0   
1017206   1113          2 2013-01-01      0          0     0      0   
1017207   1114          2 2013-01-01      0          0     0      0   
1017208   1115          2 2013-01-01      0          0     0      0   

        StateHoliday  SchoolHoliday  Year  Month  Day  WeekOfYear  \
0                  0              1  2015      7   31          31   
1                  0              1  2015      7   31          31   
2                  0              1  2015      7   31          31   
3                  0              1  2015      7   31          31   
4                  0              1  2015      7   31          31   
...              ...            ...   ...    ...  ...         ...   
1017204            a              1  2013      1    1           1   
1017205            a              1  2013      1    1           1   
1017206            a              1  2013      1    1           1   
1017207            a              1  2013      1    1           1   
1017208            a              1  2013      1    1           1   

         Weekofmonth  days_to_from_hol  
0                  5                57  
1                  5                57  
2                  5                57  
3                  5                57  
4                  5                57  
...              ...               ...  
1017204            1                 0  
1017205            1                 0  
1017206            1                 0  
1017207            1                 0  
1017208            1                 0  

[1017209 rows x 15 columns] and       Store StoreType Assortment  CompetitionDistance  \
0         1         c          a               1270.0   
1         2         a          a                570.0   
2         3         a          a              14130.0   
3         4         c          c                620.0   
4         5         a          a              29910.0   
...     ...       ...        ...                  ...   
1110   1111         a          a               1900.0   
1111   1112         c          c               1880.0   
1112   1113         a          c               9260.0   
1113   1114         a          c                870.0   
1114   1115         d          c               5350.0   

      CompetitionOpenSinceMonth  CompetitionOpenSinceYear  Promo2  \
0                           9.0                    2008.0       0   
1                          11.0                    2007.0       1   
2                          12.0                    2006.0       1   
3                           9.0                    2009.0       0   
4                           4.0                    2015.0       0   
...                         ...                       ...     ...   
1110                        6.0                    2014.0       1   
1111                        4.0                    2006.0       0   
1112                        9.0                    2013.0       0   
1113                        9.0                    2013.0       0   
1114                        9.0                    2013.0       1   

      Promo2SinceWeek  Promo2SinceYear     PromoInterval  
0                 0.0              0.0                 0  
1                13.0           2010.0   Jan,Apr,Jul,Oct  
2                14.0           2011.0   Jan,Apr,Jul,Oct  
3                 0.0              0.0                 0  
4                 0.0              0.0                 0  
...               ...              ...               ...  
1110             31.0           2013.0   Jan,Apr,Jul,Oct  
1111              0.0              0.0                 0  
1112              0.0              0.0                 0  
1113              0.0              0.0                 0  
1114             22.0           2012.0  Mar,Jun,Sept,Dec  

[1115 rows x 10 columns] datasets successfully
INFO:root: Joining          Store  DayOfWeek       Date  Sales  Customers  Open  Promo  \
0            1          5 2015-07-31   5263        555     1      1   
1            2          5 2015-07-31   6064        625     1      1   
2            3          5 2015-07-31   8314        821     1      1   
3            4          5 2015-07-31  13995       1498     1      1   
4            5          5 2015-07-31   4822        559     1      1   
...        ...        ...        ...    ...        ...   ...    ...   
1017204   1111          2 2013-01-01      0          0     0      0   
1017205   1112          2 2013-01-01      0          0     0      0   
1017206   1113          2 2013-01-01      0          0     0      0   
1017207   1114          2 2013-01-01      0          0     0      0   
1017208   1115          2 2013-01-01      0          0     0      0   

        StateHoliday  SchoolHoliday  Year  Month  Day  WeekOfYear  \
0                  0              1  2015      7   31          31   
1                  0              1  2015      7   31          31   
2                  0              1  2015      7   31          31   
3                  0              1  2015      7   31          31   
4                  0              1  2015      7   31          31   
...              ...            ...   ...    ...  ...         ...   
1017204            a              1  2013      1    1           1   
1017205            a              1  2013      1    1           1   
1017206            a              1  2013      1    1           1   
1017207            a              1  2013      1    1           1   
1017208            a              1  2013      1    1           1   

         Weekofmonth  days_to_from_hol  
0                  5                57  
1                  5                57  
2                  5                57  
3                  5                57  
4                  5                57  
...              ...               ...  
1017204            1                 0  
1017205            1                 0  
1017206            1                 0  
1017207            1                 0  
1017208            1                 0  

[1017209 rows x 15 columns] and       Store StoreType Assortment  CompetitionDistance  \
0         1         c          a               1270.0   
1         2         a          a                570.0   
2         3         a          a              14130.0   
3         4         c          c                620.0   
4         5         a          a              29910.0   
...     ...       ...        ...                  ...   
1110   1111         a          a               1900.0   
1111   1112         c          c               1880.0   
1112   1113         a          c               9260.0   
1113   1114         a          c                870.0   
1114   1115         d          c               5350.0   

      CompetitionOpenSinceMonth  CompetitionOpenSinceYear  Promo2  \
0                           9.0                    2008.0       0   
1                          11.0                    2007.0       1   
2                          12.0                    2006.0       1   
3                           9.0                    2009.0       0   
4                           4.0                    2015.0       0   
...                         ...                       ...     ...   
1110                        6.0                    2014.0       1   
1111                        4.0                    2006.0       0   
1112                        9.0                    2013.0       0   
1113                        9.0                    2013.0       0   
1114                        9.0                    2013.0       1   

      Promo2SinceWeek  Promo2SinceYear     PromoInterval  
0                 0.0              0.0                 0  
1                13.0           2010.0   Jan,Apr,Jul,Oct  
2                14.0           2011.0   Jan,Apr,Jul,Oct  
3                 0.0              0.0                 0  
4                 0.0              0.0                 0  
...               ...              ...               ...  
1110             31.0           2013.0   Jan,Apr,Jul,Oct  
1111              0.0              0.0                 0  
1112              0.0              0.0                 0  
1113              0.0              0.0                 0  
1114             22.0           2012.0  Mar,Jun,Sept,Dec  

[1115 rows x 10 columns] datasets successfully
ERROR:root:Exception occured while changing non-numeric to numeric values, Exception:'column'
Traceback (most recent call last):
  File "/home/ethan/anaconda3/lib/python3.8/site-packages/pandas/core/indexes/base.py", line 2898, in get_loc
    return self._engine.get_loc(casted_key)
  File "pandas/_libs/index.pyx", line 70, in pandas._libs.index.IndexEngine.get_loc
  File "pandas/_libs/index.pyx", line 101, in pandas._libs.index.IndexEngine.get_loc
  File "pandas/_libs/hashtable_class_helper.pxi", line 1675, in pandas._libs.hashtable.PyObjectHashTable.get_item
  File "pandas/_libs/hashtable_class_helper.pxi", line 1683, in pandas._libs.hashtable.PyObjectHashTable.get_item
KeyError: 'column'

The above exception was the direct cause of the following exception:

Traceback (most recent call last):
  File "<ipython-input-58-902a3b07901b>", line 6, in <module>
    enc.fit(train_store_data['column'])
  File "/home/ethan/anaconda3/lib/python3.8/site-packages/pandas/core/frame.py", line 2906, in __getitem__
    indexer = self.columns.get_loc(key)
  File "/home/ethan/anaconda3/lib/python3.8/site-packages/pandas/core/indexes/base.py", line 2900, in get_loc
    raise KeyError(key) from err
KeyError: 'column'
ERROR:root:Exception occured while changing non-numeric to numeric values, Exception:Encoders require their input to be uniformly strings or numbers. Got ['int', 'str']
Traceback (most recent call last):
  File "/home/ethan/anaconda3/lib/python3.8/site-packages/sklearn/utils/_encode.py", line 132, in _unique_python
    uniques = sorted(uniques_set)
TypeError: '<' not supported between instances of 'str' and 'int'

During handling of the above exception, another exception occurred:

Traceback (most recent call last):
  File "<ipython-input-59-74d0709da4a8>", line 6, in <module>
    enc.fit(train_store_data[column])
  File "/home/ethan/anaconda3/lib/python3.8/site-packages/sklearn/preprocessing/_label.py", line 101, in fit
    self.classes_ = _unique(y)
  File "/home/ethan/anaconda3/lib/python3.8/site-packages/sklearn/utils/_encode.py", line 31, in _unique
    return _unique_python(values, return_inverse=return_inverse)
  File "/home/ethan/anaconda3/lib/python3.8/site-packages/sklearn/utils/_encode.py", line 138, in _unique_python
    raise TypeError("Encoders require their input to be uniformly "
TypeError: Encoders require their input to be uniformly strings or numbers. Got ['int', 'str']
INFO:root:Changing non-numeric to numeric values, successfully
INFO:root:Changing non-numeric to numeric values, successfully
ERROR:root:Exception occured while changing non-numeric to numeric values, Exception:Encoders require their input to be uniformly strings or numbers. Got ['int', 'str']
Traceback (most recent call last):
  File "/home/ethan/anaconda3/lib/python3.8/site-packages/sklearn/utils/_encode.py", line 132, in _unique_python
    uniques = sorted(uniques_set)
TypeError: '<' not supported between instances of 'str' and 'int'

During handling of the above exception, another exception occurred:

Traceback (most recent call last):
  File "<ipython-input-60-327fa2792be1>", line 6, in <module>
    enc.fit(train_store_data[column])
  File "/home/ethan/anaconda3/lib/python3.8/site-packages/sklearn/preprocessing/_label.py", line 101, in fit
    self.classes_ = _unique(y)
  File "/home/ethan/anaconda3/lib/python3.8/site-packages/sklearn/utils/_encode.py", line 31, in _unique
    return _unique_python(values, return_inverse=return_inverse)
  File "/home/ethan/anaconda3/lib/python3.8/site-packages/sklearn/utils/_encode.py", line 138, in _unique_python
    raise TypeError("Encoders require their input to be uniformly "
TypeError: Encoders require their input to be uniformly strings or numbers. Got ['int', 'str']
ERROR:root:Exception occured while changing non-numeric to numeric values, Exception:Encoders require their input to be uniformly strings or numbers. Got ['int', 'str']
Traceback (most recent call last):
  File "/home/ethan/anaconda3/lib/python3.8/site-packages/sklearn/utils/_encode.py", line 132, in _unique_python
    uniques = sorted(uniques_set)
TypeError: '<' not supported between instances of 'str' and 'int'

During handling of the above exception, another exception occurred:

Traceback (most recent call last):
  File "<ipython-input-61-3fa4741162f0>", line 6, in <module>
    enc.fit(train_store_data[column])
  File "/home/ethan/anaconda3/lib/python3.8/site-packages/sklearn/preprocessing/_label.py", line 101, in fit
    self.classes_ = _unique(y)
  File "/home/ethan/anaconda3/lib/python3.8/site-packages/sklearn/utils/_encode.py", line 31, in _unique
    return _unique_python(values, return_inverse=return_inverse)
  File "/home/ethan/anaconda3/lib/python3.8/site-packages/sklearn/utils/_encode.py", line 138, in _unique_python
    raise TypeError("Encoders require their input to be uniformly "
TypeError: Encoders require their input to be uniformly strings or numbers. Got ['int', 'str']
ERROR:root:Exception occured while changing non-numeric to numeric values, Exception:Encoders require their input to be uniformly strings or numbers. Got ['int', 'str']
Traceback (most recent call last):
  File "/home/ethan/anaconda3/lib/python3.8/site-packages/sklearn/utils/_encode.py", line 132, in _unique_python
    uniques = sorted(uniques_set)
TypeError: '<' not supported between instances of 'str' and 'int'

During handling of the above exception, another exception occurred:

Traceback (most recent call last):
  File "<ipython-input-62-f25e4e758d42>", line 6, in <module>
    enc.fit(train_store_data[column])
  File "/home/ethan/anaconda3/lib/python3.8/site-packages/sklearn/preprocessing/_label.py", line 101, in fit
    self.classes_ = _unique(y)
  File "/home/ethan/anaconda3/lib/python3.8/site-packages/sklearn/utils/_encode.py", line 31, in _unique
    return _unique_python(values, return_inverse=return_inverse)
  File "/home/ethan/anaconda3/lib/python3.8/site-packages/sklearn/utils/_encode.py", line 138, in _unique_python
    raise TypeError("Encoders require their input to be uniformly "
TypeError: Encoders require their input to be uniformly strings or numbers. Got ['int', 'str']
INFO:root:Changing non-numeric to numeric values, successfully
INFO:root:Changing non-numeric to numeric values, successfully
INFO:root:Changing non-numeric to numeric values, successfully
ERROR:root:Exception occured while changing non-numeric to numeric values, Exception:Encoders require their input to be uniformly strings or numbers. Got ['int', 'str']
Traceback (most recent call last):
  File "/home/ethan/anaconda3/lib/python3.8/site-packages/sklearn/utils/_encode.py", line 132, in _unique_python
    uniques = sorted(uniques_set)
TypeError: '<' not supported between instances of 'str' and 'int'

During handling of the above exception, another exception occurred:

Traceback (most recent call last):
  File "<ipython-input-66-74d0709da4a8>", line 6, in <module>
    enc.fit(train_store_data[column])
  File "/home/ethan/anaconda3/lib/python3.8/site-packages/sklearn/preprocessing/_label.py", line 101, in fit
    self.classes_ = _unique(y)
  File "/home/ethan/anaconda3/lib/python3.8/site-packages/sklearn/utils/_encode.py", line 31, in _unique
    return _unique_python(values, return_inverse=return_inverse)
  File "/home/ethan/anaconda3/lib/python3.8/site-packages/sklearn/utils/_encode.py", line 138, in _unique_python
    raise TypeError("Encoders require their input to be uniformly "
TypeError: Encoders require their input to be uniformly strings or numbers. Got ['int', 'str']
INFO:root:Changing non-numeric to numeric values, successfully
INFO:root:Changing non-numeric to numeric values, successfully
INFO:root:Changing non-numeric to numeric values, successfully
INFO:root:Changing non-numeric to numeric values, successfully
INFO:root:Dataset Normalizing successfully
INFO:root:Dataset Normalizing successfully
INFO:root:Changing non-numeric to numeric values, successfully
INFO:root:Changing non-numeric to numeric values, successfully
INFO:root:Changing non-numeric to numeric values, successfully
INFO:root:Changing non-numeric to numeric values, successfully
INFO:root:Dataset Normalizing successfully
INFO:root:Testing Loggings
ERROR:root:Exception in main()
Traceback (most recent call last):
  File "<ipython-input-2-8e3e74864ecc>", line 14, in <module>
    exit(main())
NameError: name 'main' is not defined
INFO:root:train Dataset read successfully
INFO:root:test Dataset read successfully
INFO:root:sample_submission Dataset read successfully
INFO:root:store Dataset read successfully
INFO:root:train Dataset read successfully
INFO:root:store Dataset read successfully
INFO:root:test Dataset read successfully
INFO:root:sample_submission Dataset read successfully
INFO:numexpr.utils:NumExpr defaulting to 4 threads.
INFO:root:Adding days_to/from holiday to train dataset, successfully
INFO:root: Joining          Store  DayOfWeek       Date  Sales  Customers  Open  Promo  \
0            1          5 2015-07-31   5263        555     1      1   
1            2          5 2015-07-31   6064        625     1      1   
2            3          5 2015-07-31   8314        821     1      1   
3            4          5 2015-07-31  13995       1498     1      1   
4            5          5 2015-07-31   4822        559     1      1   
...        ...        ...        ...    ...        ...   ...    ...   
1017204   1111          2 2013-01-01      0          0     0      0   
1017205   1112          2 2013-01-01      0          0     0      0   
1017206   1113          2 2013-01-01      0          0     0      0   
1017207   1114          2 2013-01-01      0          0     0      0   
1017208   1115          2 2013-01-01      0          0     0      0   

        StateHoliday  SchoolHoliday  Year  Month  Day  WeekOfYear  \
0                  0              1  2015      7   31          31   
1                  0              1  2015      7   31          31   
2                  0              1  2015      7   31          31   
3                  0              1  2015      7   31          31   
4                  0              1  2015      7   31          31   
...              ...            ...   ...    ...  ...         ...   
1017204            a              1  2013      1    1           1   
1017205            a              1  2013      1    1           1   
1017206            a              1  2013      1    1           1   
1017207            a              1  2013      1    1           1   
1017208            a              1  2013      1    1           1   

         Weekofmonth  days_to_from_hol  
0                  5                57  
1                  5                57  
2                  5                57  
3                  5                57  
4                  5                57  
...              ...               ...  
1017204            1                 0  
1017205            1                 0  
1017206            1                 0  
1017207            1                 0  
1017208            1                 0  

[1017209 rows x 15 columns] and       Store StoreType Assortment  CompetitionDistance  \
0         1         c          a               1270.0   
1         2         a          a                570.0   
2         3         a          a              14130.0   
3         4         c          c                620.0   
4         5         a          a              29910.0   
...     ...       ...        ...                  ...   
1110   1111         a          a               1900.0   
1111   1112         c          c               1880.0   
1112   1113         a          c               9260.0   
1113   1114         a          c                870.0   
1114   1115         d          c               5350.0   

      CompetitionOpenSinceMonth  CompetitionOpenSinceYear  Promo2  \
0                           9.0                    2008.0       0   
1                          11.0                    2007.0       1   
2                          12.0                    2006.0       1   
3                           9.0                    2009.0       0   
4                           4.0                    2015.0       0   
...                         ...                       ...     ...   
1110                        6.0                    2014.0       1   
1111                        4.0                    2006.0       0   
1112                        9.0                    2013.0       0   
1113                        9.0                    2013.0       0   
1114                        9.0                    2013.0       1   

      Promo2SinceWeek  Promo2SinceYear     PromoInterval  
0                 0.0              0.0                 0  
1                13.0           2010.0   Jan,Apr,Jul,Oct  
2                14.0           2011.0   Jan,Apr,Jul,Oct  
3                 0.0              0.0                 0  
4                 0.0              0.0                 0  
...               ...              ...               ...  
1110             31.0           2013.0   Jan,Apr,Jul,Oct  
1111              0.0              0.0                 0  
1112              0.0              0.0                 0  
1113              0.0              0.0                 0  
1114             22.0           2012.0  Mar,Jun,Sept,Dec  

[1115 rows x 10 columns] datasets successfully
INFO:root:Changing non-numeric to numeric values, successfully
INFO:root:Changing non-numeric to numeric values, successfully
INFO:root:Changing non-numeric to numeric values, successfully
INFO:root:Changing non-numeric to numeric values, successfully
INFO:root:Dataset Normalizing successfully
INFO:root:Adding days_to/from holiday to          Store  DayOfWeek       Date  Sales  Customers  Open  Promo  \
0            1          5 2015-07-31   5263        555     1      1   
1            2          5 2015-07-31   6064        625     1      1   
2            3          5 2015-07-31   8314        821     1      1   
3            4          5 2015-07-31  13995       1498     1      1   
4            5          5 2015-07-31   4822        559     1      1   
...        ...        ...        ...    ...        ...   ...    ...   
1017204   1111          2 2013-01-01      0          0     0      0   
1017205   1112          2 2013-01-01      0          0     0      0   
1017206   1113          2 2013-01-01      0          0     0      0   
1017207   1114          2 2013-01-01      0          0     0      0   
1017208   1115          2 2013-01-01      0          0     0      0   

        StateHoliday  SchoolHoliday  Year  Month  Day  WeekOfYear  \
0                  0              1  2015      7   31          31   
1                  0              1  2015      7   31          31   
2                  0              1  2015      7   31          31   
3                  0              1  2015      7   31          31   
4                  0              1  2015      7   31          31   
...              ...            ...   ...    ...  ...         ...   
1017204            a              1  2013      1    1           1   
1017205            a              1  2013      1    1           1   
1017206            a              1  2013      1    1           1   
1017207            a              1  2013      1    1           1   
1017208            a              1  2013      1    1           1   

         Weekofmonth  days_to_from_hol  
0                  5                57  
1                  5                57  
2                  5                57  
3                  5                57  
4                  5                57  
...              ...               ...  
1017204            1                 0  
1017205            1                 0  
1017206            1                 0  
1017207            1                 0  
1017208            1                 0  

[1017209 rows x 15 columns] dataset, successfully
INFO:root:Adding days_to/from holiday to           Id  Store  DayOfWeek       Date  Open  Promo StateHoliday  \
0          1      1          4 2015-09-17   1.0      1            0   
1          2      3          4 2015-09-17   1.0      1            0   
2          3      7          4 2015-09-17   1.0      1            0   
3          4      8          4 2015-09-17   1.0      1            0   
4          5      9          4 2015-09-17   1.0      1            0   
...      ...    ...        ...        ...   ...    ...          ...   
41083  41084   1111          6 2015-08-01   1.0      0            0   
41084  41085   1112          6 2015-08-01   1.0      0            0   
41085  41086   1113          6 2015-08-01   1.0      0            0   
41086  41087   1114          6 2015-08-01   1.0      0            0   
41087  41088   1115          6 2015-08-01   1.0      0            0   

       SchoolHoliday  Year  Month  Day  WeekOfYear  Weekofmonth  \
0                  0  2015      9   17          38            3   
1                  0  2015      9   17          38            3   
2                  0  2015      9   17          38            3   
3                  0  2015      9   17          38            3   
4                  0  2015      9   17          38            3   
...              ...   ...    ...  ...         ...          ...   
41083              0  2015      8    1          31            1   
41084              0  2015      8    1          31            1   
41085              0  2015      8    1          31            1   
41086              0  2015      8    1          31            1   
41087              1  2015      8    1          31            1   

       days_to_from_hol  
0                    33  
1                    33  
2                    33  
3                    33  
4                    33  
...                 ...  
41083                14  
41084                14  
41085                14  
41086                14  
41087                14  

[41088 rows x 14 columns] dataset, successfully
INFO:root: Joining          Store  DayOfWeek       Date  Sales  Customers  Open  Promo  \
0            1          5 2015-07-31   5263        555     1      1   
1            2          5 2015-07-31   6064        625     1      1   
2            3          5 2015-07-31   8314        821     1      1   
3            4          5 2015-07-31  13995       1498     1      1   
4            5          5 2015-07-31   4822        559     1      1   
...        ...        ...        ...    ...        ...   ...    ...   
1017204   1111          2 2013-01-01      0          0     0      0   
1017205   1112          2 2013-01-01      0          0     0      0   
1017206   1113          2 2013-01-01      0          0     0      0   
1017207   1114          2 2013-01-01      0          0     0      0   
1017208   1115          2 2013-01-01      0          0     0      0   

        StateHoliday  SchoolHoliday  Year  Month  Day  WeekOfYear  \
0                  0              1  2015      7   31          31   
1                  0              1  2015      7   31          31   
2                  0              1  2015      7   31          31   
3                  0              1  2015      7   31          31   
4                  0              1  2015      7   31          31   
...              ...            ...   ...    ...  ...         ...   
1017204            a              1  2013      1    1           1   
1017205            a              1  2013      1    1           1   
1017206            a              1  2013      1    1           1   
1017207            a              1  2013      1    1           1   
1017208            a              1  2013      1    1           1   

         Weekofmonth  days_to_from_hol  
0                  5                57  
1                  5                57  
2                  5                57  
3                  5                57  
4                  5                57  
...              ...               ...  
1017204            1                 0  
1017205            1                 0  
1017206            1                 0  
1017207            1                 0  
1017208            1                 0  

[1017209 rows x 15 columns] and       Store StoreType Assortment  CompetitionDistance  \
0         1         c          a               1270.0   
1         2         a          a                570.0   
2         3         a          a              14130.0   
3         4         c          c                620.0   
4         5         a          a              29910.0   
...     ...       ...        ...                  ...   
1110   1111         a          a               1900.0   
1111   1112         c          c               1880.0   
1112   1113         a          c               9260.0   
1113   1114         a          c                870.0   
1114   1115         d          c               5350.0   

      CompetitionOpenSinceMonth  CompetitionOpenSinceYear  Promo2  \
0                           9.0                    2008.0       0   
1                          11.0                    2007.0       1   
2                          12.0                    2006.0       1   
3                           9.0                    2009.0       0   
4                           4.0                    2015.0       0   
...                         ...                       ...     ...   
1110                        6.0                    2014.0       1   
1111                        4.0                    2006.0       0   
1112                        9.0                    2013.0       0   
1113                        9.0                    2013.0       0   
1114                        9.0                    2013.0       1   

      Promo2SinceWeek  Promo2SinceYear     PromoInterval  
0                 0.0              0.0                 0  
1                13.0           2010.0   Jan,Apr,Jul,Oct  
2                14.0           2011.0   Jan,Apr,Jul,Oct  
3                 0.0              0.0                 0  
4                 0.0              0.0                 0  
...               ...              ...               ...  
1110             31.0           2013.0   Jan,Apr,Jul,Oct  
1111              0.0              0.0                 0  
1112              0.0              0.0                 0  
1113              0.0              0.0                 0  
1114             22.0           2012.0  Mar,Jun,Sept,Dec  

[1115 rows x 10 columns] datasets successfully
ERROR:root:The values in the dataset are not compartible
ERROR:root:Exception occured while merging store to train and test datasets, Exception:cannot unpack non-iterable NoneType object
Traceback (most recent call last):
  File "<ipython-input-48-f8ce5fd0dafc>", line 4, in <module>
    shape, test_store_data = data.join_dataset(test_data, store_data)
TypeError: cannot unpack non-iterable NoneType object
INFO:root: Joining          Store  DayOfWeek       Date  Sales  Customers  Open  Promo  \
0            1          5 2015-07-31   5263        555     1      1   
1            2          5 2015-07-31   6064        625     1      1   
2            3          5 2015-07-31   8314        821     1      1   
3            4          5 2015-07-31  13995       1498     1      1   
4            5          5 2015-07-31   4822        559     1      1   
...        ...        ...        ...    ...        ...   ...    ...   
1017204   1111          2 2013-01-01      0          0     0      0   
1017205   1112          2 2013-01-01      0          0     0      0   
1017206   1113          2 2013-01-01      0          0     0      0   
1017207   1114          2 2013-01-01      0          0     0      0   
1017208   1115          2 2013-01-01      0          0     0      0   

        StateHoliday  SchoolHoliday  Year  Month  Day  WeekOfYear  \
0                  0              1  2015      7   31          31   
1                  0              1  2015      7   31          31   
2                  0              1  2015      7   31          31   
3                  0              1  2015      7   31          31   
4                  0              1  2015      7   31          31   
...              ...            ...   ...    ...  ...         ...   
1017204            a              1  2013      1    1           1   
1017205            a              1  2013      1    1           1   
1017206            a              1  2013      1    1           1   
1017207            a              1  2013      1    1           1   
1017208            a              1  2013      1    1           1   

         Weekofmonth  days_to_from_hol  
0                  5                57  
1                  5                57  
2                  5                57  
3                  5                57  
4                  5                57  
...              ...               ...  
1017204            1                 0  
1017205            1                 0  
1017206            1                 0  
1017207            1                 0  
1017208            1                 0  

[1017209 rows x 15 columns] and       Store StoreType Assortment  CompetitionDistance  \
0         1         c          a               1270.0   
1         2         a          a                570.0   
2         3         a          a              14130.0   
3         4         c          c                620.0   
4         5         a          a              29910.0   
...     ...       ...        ...                  ...   
1110   1111         a          a               1900.0   
1111   1112         c          c               1880.0   
1112   1113         a          c               9260.0   
1113   1114         a          c                870.0   
1114   1115         d          c               5350.0   

      CompetitionOpenSinceMonth  CompetitionOpenSinceYear  Promo2  \
0                           9.0                    2008.0       0   
1                          11.0                    2007.0       1   
2                          12.0                    2006.0       1   
3                           9.0                    2009.0       0   
4                           4.0                    2015.0       0   
...                         ...                       ...     ...   
1110                        6.0                    2014.0       1   
1111                        4.0                    2006.0       0   
1112                        9.0                    2013.0       0   
1113                        9.0                    2013.0       0   
1114                        9.0                    2013.0       1   

      Promo2SinceWeek  Promo2SinceYear     PromoInterval  
0                 0.0              0.0                 0  
1                13.0           2010.0   Jan,Apr,Jul,Oct  
2                14.0           2011.0   Jan,Apr,Jul,Oct  
3                 0.0              0.0                 0  
4                 0.0              0.0                 0  
...               ...              ...               ...  
1110             31.0           2013.0   Jan,Apr,Jul,Oct  
1111              0.0              0.0                 0  
1112              0.0              0.0                 0  
1113              0.0              0.0                 0  
1114             22.0           2012.0  Mar,Jun,Sept,Dec  

[1115 rows x 10 columns] datasets successfully
ERROR:root:The values in the dataset are not compartible
ERROR:root:Exception occured while merging store to train and test datasets, Exception:cannot unpack non-iterable NoneType object
Traceback (most recent call last):
  File "<ipython-input-49-ebfe004139fd>", line 4, in <module>
    shape, test_store_data = data.join_dataset(test_data, store_data)
TypeError: cannot unpack non-iterable NoneType object
INFO:root: Joining          Store  DayOfWeek       Date  Sales  Customers  Open  Promo  \
0            1          5 2015-07-31   5263        555     1      1   
1            2          5 2015-07-31   6064        625     1      1   
2            3          5 2015-07-31   8314        821     1      1   
3            4          5 2015-07-31  13995       1498     1      1   
4            5          5 2015-07-31   4822        559     1      1   
...        ...        ...        ...    ...        ...   ...    ...   
1017204   1111          2 2013-01-01      0          0     0      0   
1017205   1112          2 2013-01-01      0          0     0      0   
1017206   1113          2 2013-01-01      0          0     0      0   
1017207   1114          2 2013-01-01      0          0     0      0   
1017208   1115          2 2013-01-01      0          0     0      0   

        StateHoliday  SchoolHoliday  Year  Month  Day  WeekOfYear  \
0                  0              1  2015      7   31          31   
1                  0              1  2015      7   31          31   
2                  0              1  2015      7   31          31   
3                  0              1  2015      7   31          31   
4                  0              1  2015      7   31          31   
...              ...            ...   ...    ...  ...         ...   
1017204            a              1  2013      1    1           1   
1017205            a              1  2013      1    1           1   
1017206            a              1  2013      1    1           1   
1017207            a              1  2013      1    1           1   
1017208            a              1  2013      1    1           1   

         Weekofmonth  days_to_from_hol  
0                  5                57  
1                  5                57  
2                  5                57  
3                  5                57  
4                  5                57  
...              ...               ...  
1017204            1                 0  
1017205            1                 0  
1017206            1                 0  
1017207            1                 0  
1017208            1                 0  

[1017209 rows x 15 columns] and       Store StoreType Assortment  CompetitionDistance  \
0         1         c          a               1270.0   
1         2         a          a                570.0   
2         3         a          a              14130.0   
3         4         c          c                620.0   
4         5         a          a              29910.0   
...     ...       ...        ...                  ...   
1110   1111         a          a               1900.0   
1111   1112         c          c               1880.0   
1112   1113         a          c               9260.0   
1113   1114         a          c                870.0   
1114   1115         d          c               5350.0   

      CompetitionOpenSinceMonth  CompetitionOpenSinceYear  Promo2  \
0                           9.0                    2008.0       0   
1                          11.0                    2007.0       1   
2                          12.0                    2006.0       1   
3                           9.0                    2009.0       0   
4                           4.0                    2015.0       0   
...                         ...                       ...     ...   
1110                        6.0                    2014.0       1   
1111                        4.0                    2006.0       0   
1112                        9.0                    2013.0       0   
1113                        9.0                    2013.0       0   
1114                        9.0                    2013.0       1   

      Promo2SinceWeek  Promo2SinceYear     PromoInterval  
0                 0.0              0.0                 0  
1                13.0           2010.0   Jan,Apr,Jul,Oct  
2                14.0           2011.0   Jan,Apr,Jul,Oct  
3                 0.0              0.0                 0  
4                 0.0              0.0                 0  
...               ...              ...               ...  
1110             31.0           2013.0   Jan,Apr,Jul,Oct  
1111              0.0              0.0                 0  
1112              0.0              0.0                 0  
1113              0.0              0.0                 0  
1114             22.0           2012.0  Mar,Jun,Sept,Dec  

[1115 rows x 10 columns] datasets successfully
ERROR:root:The values in the dataset are not compartible
ERROR:root:Exception occured while merging store to train and test datasets, Exception:cannot unpack non-iterable NoneType object
Traceback (most recent call last):
  File "<ipython-input-50-5a18d0b13d15>", line 4, in <module>
    shape, test_store_data = data.join_dataset(test_data, store_data)
TypeError: cannot unpack non-iterable NoneType object
INFO:root: Joining          Store  DayOfWeek       Date  Sales  Customers  Open  Promo  \
0            1          5 2015-07-31   5263        555     1      1   
1            2          5 2015-07-31   6064        625     1      1   
2            3          5 2015-07-31   8314        821     1      1   
3            4          5 2015-07-31  13995       1498     1      1   
4            5          5 2015-07-31   4822        559     1      1   
...        ...        ...        ...    ...        ...   ...    ...   
1017204   1111          2 2013-01-01      0          0     0      0   
1017205   1112          2 2013-01-01      0          0     0      0   
1017206   1113          2 2013-01-01      0          0     0      0   
1017207   1114          2 2013-01-01      0          0     0      0   
1017208   1115          2 2013-01-01      0          0     0      0   

        StateHoliday  SchoolHoliday  Year  Month  Day  WeekOfYear  \
0                  0              1  2015      7   31          31   
1                  0              1  2015      7   31          31   
2                  0              1  2015      7   31          31   
3                  0              1  2015      7   31          31   
4                  0              1  2015      7   31          31   
...              ...            ...   ...    ...  ...         ...   
1017204            a              1  2013      1    1           1   
1017205            a              1  2013      1    1           1   
1017206            a              1  2013      1    1           1   
1017207            a              1  2013      1    1           1   
1017208            a              1  2013      1    1           1   

         Weekofmonth  days_to_from_hol  
0                  5                57  
1                  5                57  
2                  5                57  
3                  5                57  
4                  5                57  
...              ...               ...  
1017204            1                 0  
1017205            1                 0  
1017206            1                 0  
1017207            1                 0  
1017208            1                 0  

[1017209 rows x 15 columns] and       Store StoreType Assortment  CompetitionDistance  \
0         1         c          a               1270.0   
1         2         a          a                570.0   
2         3         a          a              14130.0   
3         4         c          c                620.0   
4         5         a          a              29910.0   
...     ...       ...        ...                  ...   
1110   1111         a          a               1900.0   
1111   1112         c          c               1880.0   
1112   1113         a          c               9260.0   
1113   1114         a          c                870.0   
1114   1115         d          c               5350.0   

      CompetitionOpenSinceMonth  CompetitionOpenSinceYear  Promo2  \
0                           9.0                    2008.0       0   
1                          11.0                    2007.0       1   
2                          12.0                    2006.0       1   
3                           9.0                    2009.0       0   
4                           4.0                    2015.0       0   
...                         ...                       ...     ...   
1110                        6.0                    2014.0       1   
1111                        4.0                    2006.0       0   
1112                        9.0                    2013.0       0   
1113                        9.0                    2013.0       0   
1114                        9.0                    2013.0       1   

      Promo2SinceWeek  Promo2SinceYear     PromoInterval  
0                 0.0              0.0                 0  
1                13.0           2010.0   Jan,Apr,Jul,Oct  
2                14.0           2011.0   Jan,Apr,Jul,Oct  
3                 0.0              0.0                 0  
4                 0.0              0.0                 0  
...               ...              ...               ...  
1110             31.0           2013.0   Jan,Apr,Jul,Oct  
1111              0.0              0.0                 0  
1112              0.0              0.0                 0  
1113              0.0              0.0                 0  
1114             22.0           2012.0  Mar,Jun,Sept,Dec  

[1115 rows x 10 columns] datasets successfully
ERROR:root:The values in the dataset are not compartible
ERROR:root:Exception occured while merging store to train and test datasets, Exception:cannot unpack non-iterable NoneType object
Traceback (most recent call last):
  File "<ipython-input-53-e0f5860b7b3d>", line 4, in <module>
    shape_test, test_store_data = data.join_dataset(test_data, store_data)
TypeError: cannot unpack non-iterable NoneType object
INFO:root: Joining          Store  DayOfWeek       Date  Sales  Customers  Open  Promo  \
0            1          5 2015-07-31   5263        555     1      1   
1            2          5 2015-07-31   6064        625     1      1   
2            3          5 2015-07-31   8314        821     1      1   
3            4          5 2015-07-31  13995       1498     1      1   
4            5          5 2015-07-31   4822        559     1      1   
...        ...        ...        ...    ...        ...   ...    ...   
1017204   1111          2 2013-01-01      0          0     0      0   
1017205   1112          2 2013-01-01      0          0     0      0   
1017206   1113          2 2013-01-01      0          0     0      0   
1017207   1114          2 2013-01-01      0          0     0      0   
1017208   1115          2 2013-01-01      0          0     0      0   

        StateHoliday  SchoolHoliday  Year  Month  Day  WeekOfYear  \
0                  0              1  2015      7   31          31   
1                  0              1  2015      7   31          31   
2                  0              1  2015      7   31          31   
3                  0              1  2015      7   31          31   
4                  0              1  2015      7   31          31   
...              ...            ...   ...    ...  ...         ...   
1017204            a              1  2013      1    1           1   
1017205            a              1  2013      1    1           1   
1017206            a              1  2013      1    1           1   
1017207            a              1  2013      1    1           1   
1017208            a              1  2013      1    1           1   

         Weekofmonth  days_to_from_hol  
0                  5                57  
1                  5                57  
2                  5                57  
3                  5                57  
4                  5                57  
...              ...               ...  
1017204            1                 0  
1017205            1                 0  
1017206            1                 0  
1017207            1                 0  
1017208            1                 0  

[1017209 rows x 15 columns] and       Store StoreType Assortment  CompetitionDistance  \
0         1         c          a               1270.0   
1         2         a          a                570.0   
2         3         a          a              14130.0   
3         4         c          c                620.0   
4         5         a          a              29910.0   
...     ...       ...        ...                  ...   
1110   1111         a          a               1900.0   
1111   1112         c          c               1880.0   
1112   1113         a          c               9260.0   
1113   1114         a          c                870.0   
1114   1115         d          c               5350.0   

      CompetitionOpenSinceMonth  CompetitionOpenSinceYear  Promo2  \
0                           9.0                    2008.0       0   
1                          11.0                    2007.0       1   
2                          12.0                    2006.0       1   
3                           9.0                    2009.0       0   
4                           4.0                    2015.0       0   
...                         ...                       ...     ...   
1110                        6.0                    2014.0       1   
1111                        4.0                    2006.0       0   
1112                        9.0                    2013.0       0   
1113                        9.0                    2013.0       0   
1114                        9.0                    2013.0       1   

      Promo2SinceWeek  Promo2SinceYear     PromoInterval  
0                 0.0              0.0                 0  
1                13.0           2010.0   Jan,Apr,Jul,Oct  
2                14.0           2011.0   Jan,Apr,Jul,Oct  
3                 0.0              0.0                 0  
4                 0.0              0.0                 0  
...               ...              ...               ...  
1110             31.0           2013.0   Jan,Apr,Jul,Oct  
1111              0.0              0.0                 0  
1112              0.0              0.0                 0  
1113              0.0              0.0                 0  
1114             22.0           2012.0  Mar,Jun,Sept,Dec  

[1115 rows x 10 columns] datasets successfully
ERROR:root:The values in the dataset are not compartible
ERROR:root:Exception occured while merging store to train and test datasets, Exception:cannot unpack non-iterable NoneType object
Traceback (most recent call last):
  File "<ipython-input-56-e0f5860b7b3d>", line 4, in <module>
    shape_test, test_store_data = data.join_dataset(test_data, store_data)
TypeError: cannot unpack non-iterable NoneType object
INFO:root: Joining          Store  DayOfWeek       Date  Sales  Customers  Open  Promo  \
0            1          5 2015-07-31   5263        555     1      1   
1            2          5 2015-07-31   6064        625     1      1   
2            3          5 2015-07-31   8314        821     1      1   
3            4          5 2015-07-31  13995       1498     1      1   
4            5          5 2015-07-31   4822        559     1      1   
...        ...        ...        ...    ...        ...   ...    ...   
1017204   1111          2 2013-01-01      0          0     0      0   
1017205   1112          2 2013-01-01      0          0     0      0   
1017206   1113          2 2013-01-01      0          0     0      0   
1017207   1114          2 2013-01-01      0          0     0      0   
1017208   1115          2 2013-01-01      0          0     0      0   

        StateHoliday  SchoolHoliday  Year  Month  Day  WeekOfYear  \
0                  0              1  2015      7   31          31   
1                  0              1  2015      7   31          31   
2                  0              1  2015      7   31          31   
3                  0              1  2015      7   31          31   
4                  0              1  2015      7   31          31   
...              ...            ...   ...    ...  ...         ...   
1017204            a              1  2013      1    1           1   
1017205            a              1  2013      1    1           1   
1017206            a              1  2013      1    1           1   
1017207            a              1  2013      1    1           1   
1017208            a              1  2013      1    1           1   

         Weekofmonth  days_to_from_hol  
0                  5                57  
1                  5                57  
2                  5                57  
3                  5                57  
4                  5                57  
...              ...               ...  
1017204            1                 0  
1017205            1                 0  
1017206            1                 0  
1017207            1                 0  
1017208            1                 0  

[1017209 rows x 15 columns] and       Store StoreType Assortment  CompetitionDistance  \
0         1         c          a               1270.0   
1         2         a          a                570.0   
2         3         a          a              14130.0   
3         4         c          c                620.0   
4         5         a          a              29910.0   
...     ...       ...        ...                  ...   
1110   1111         a          a               1900.0   
1111   1112         c          c               1880.0   
1112   1113         a          c               9260.0   
1113   1114         a          c                870.0   
1114   1115         d          c               5350.0   

      CompetitionOpenSinceMonth  CompetitionOpenSinceYear  Promo2  \
0                           9.0                    2008.0       0   
1                          11.0                    2007.0       1   
2                          12.0                    2006.0       1   
3                           9.0                    2009.0       0   
4                           4.0                    2015.0       0   
...                         ...                       ...     ...   
1110                        6.0                    2014.0       1   
1111                        4.0                    2006.0       0   
1112                        9.0                    2013.0       0   
1113                        9.0                    2013.0       0   
1114                        9.0                    2013.0       1   

      Promo2SinceWeek  Promo2SinceYear     PromoInterval  
0                 0.0              0.0                 0  
1                13.0           2010.0   Jan,Apr,Jul,Oct  
2                14.0           2011.0   Jan,Apr,Jul,Oct  
3                 0.0              0.0                 0  
4                 0.0              0.0                 0  
...               ...              ...               ...  
1110             31.0           2013.0   Jan,Apr,Jul,Oct  
1111              0.0              0.0                 0  
1112              0.0              0.0                 0  
1113              0.0              0.0                 0  
1114             22.0           2012.0  Mar,Jun,Sept,Dec  

[1115 rows x 10 columns] datasets successfully
INFO:root:Joining store data to train and test datasets succefully
INFO:root:Changing non-numeric to numeric values, successfully
INFO:root:Changing non-numeric to numeric values, successfully
INFO:root:Changing non-numeric to numeric values, successfully
INFO:root:Changing non-numeric to numeric values, successfully
INFO:root:Changing non-numeric to numeric values, successfully
INFO:root:Dataset Normalizing successfully
INFO:root:Testing Loggings
ERROR:root:Exception in main()
Traceback (most recent call last):
  File "<ipython-input-2-8e3e74864ecc>", line 14, in <module>
    exit(main())
NameError: name 'main' is not defined
INFO:root:train Dataset read successfully
INFO:root:test Dataset read successfully
INFO:root:sample_submission Dataset read successfully
INFO:root:store Dataset read successfully
INFO:root:train Dataset read successfully
INFO:root:store Dataset read successfully
INFO:root:test Dataset read successfully
INFO:root:sample_submission Dataset read successfully
INFO:numexpr.utils:NumExpr defaulting to 4 threads.
INFO:root:Adding days_to/from holiday to          Store  DayOfWeek       Date  Sales  Customers  Open  Promo  \
0            1          5 2015-07-31   5263        555     1      1   
1            2          5 2015-07-31   6064        625     1      1   
2            3          5 2015-07-31   8314        821     1      1   
3            4          5 2015-07-31  13995       1498     1      1   
4            5          5 2015-07-31   4822        559     1      1   
...        ...        ...        ...    ...        ...   ...    ...   
1017204   1111          2 2013-01-01      0          0     0      0   
1017205   1112          2 2013-01-01      0          0     0      0   
1017206   1113          2 2013-01-01      0          0     0      0   
1017207   1114          2 2013-01-01      0          0     0      0   
1017208   1115          2 2013-01-01      0          0     0      0   

        StateHoliday  SchoolHoliday  Year  Month  Day  WeekOfYear  \
0                  0              1  2015      7   31          31   
1                  0              1  2015      7   31          31   
2                  0              1  2015      7   31          31   
3                  0              1  2015      7   31          31   
4                  0              1  2015      7   31          31   
...              ...            ...   ...    ...  ...         ...   
1017204            a              1  2013      1    1           1   
1017205            a              1  2013      1    1           1   
1017206            a              1  2013      1    1           1   
1017207            a              1  2013      1    1           1   
1017208            a              1  2013      1    1           1   

         Weekofmonth  days_to_from_hol  
0                  5                57  
1                  5                57  
2                  5                57  
3                  5                57  
4                  5                57  
...              ...               ...  
1017204            1                 0  
1017205            1                 0  
1017206            1                 0  
1017207            1                 0  
1017208            1                 0  

[1017209 rows x 15 columns] dataset, successfully
INFO:root:Adding days_to/from holiday to           Id  Store  DayOfWeek       Date  Open  Promo StateHoliday  \
0          1      1          4 2015-09-17   1.0      1            0   
1          2      3          4 2015-09-17   1.0      1            0   
2          3      7          4 2015-09-17   1.0      1            0   
3          4      8          4 2015-09-17   1.0      1            0   
4          5      9          4 2015-09-17   1.0      1            0   
...      ...    ...        ...        ...   ...    ...          ...   
41083  41084   1111          6 2015-08-01   1.0      0            0   
41084  41085   1112          6 2015-08-01   1.0      0            0   
41085  41086   1113          6 2015-08-01   1.0      0            0   
41086  41087   1114          6 2015-08-01   1.0      0            0   
41087  41088   1115          6 2015-08-01   1.0      0            0   

       SchoolHoliday  Year  Month  Day  WeekOfYear  Weekofmonth  \
0                  0  2015      9   17          38            3   
1                  0  2015      9   17          38            3   
2                  0  2015      9   17          38            3   
3                  0  2015      9   17          38            3   
4                  0  2015      9   17          38            3   
...              ...   ...    ...  ...         ...          ...   
41083              0  2015      8    1          31            1   
41084              0  2015      8    1          31            1   
41085              0  2015      8    1          31            1   
41086              0  2015      8    1          31            1   
41087              1  2015      8    1          31            1   

       days_to_from_hol  
0                    33  
1                    33  
2                    33  
3                    33  
4                    33  
...                 ...  
41083                14  
41084                14  
41085                14  
41086                14  
41087                14  

[41088 rows x 14 columns] dataset, successfully
INFO:root: Joining          Store  DayOfWeek       Date  Sales  Customers  Open  Promo  \
0            1          5 2015-07-31   5263        555     1      1   
1            2          5 2015-07-31   6064        625     1      1   
2            3          5 2015-07-31   8314        821     1      1   
3            4          5 2015-07-31  13995       1498     1      1   
4            5          5 2015-07-31   4822        559     1      1   
...        ...        ...        ...    ...        ...   ...    ...   
1017204   1111          2 2013-01-01      0          0     0      0   
1017205   1112          2 2013-01-01      0          0     0      0   
1017206   1113          2 2013-01-01      0          0     0      0   
1017207   1114          2 2013-01-01      0          0     0      0   
1017208   1115          2 2013-01-01      0          0     0      0   

        StateHoliday  SchoolHoliday  Year  Month  Day  WeekOfYear  \
0                  0              1  2015      7   31          31   
1                  0              1  2015      7   31          31   
2                  0              1  2015      7   31          31   
3                  0              1  2015      7   31          31   
4                  0              1  2015      7   31          31   
...              ...            ...   ...    ...  ...         ...   
1017204            a              1  2013      1    1           1   
1017205            a              1  2013      1    1           1   
1017206            a              1  2013      1    1           1   
1017207            a              1  2013      1    1           1   
1017208            a              1  2013      1    1           1   

         Weekofmonth  days_to_from_hol  
0                  5                57  
1                  5                57  
2                  5                57  
3                  5                57  
4                  5                57  
...              ...               ...  
1017204            1                 0  
1017205            1                 0  
1017206            1                 0  
1017207            1                 0  
1017208            1                 0  

[1017209 rows x 15 columns] and       Store StoreType Assortment  CompetitionDistance  \
0         1         c          a               1270.0   
1         2         a          a                570.0   
2         3         a          a              14130.0   
3         4         c          c                620.0   
4         5         a          a              29910.0   
...     ...       ...        ...                  ...   
1110   1111         a          a               1900.0   
1111   1112         c          c               1880.0   
1112   1113         a          c               9260.0   
1113   1114         a          c                870.0   
1114   1115         d          c               5350.0   

      CompetitionOpenSinceMonth  CompetitionOpenSinceYear  Promo2  \
0                           9.0                    2008.0       0   
1                          11.0                    2007.0       1   
2                          12.0                    2006.0       1   
3                           9.0                    2009.0       0   
4                           4.0                    2015.0       0   
...                         ...                       ...     ...   
1110                        6.0                    2014.0       1   
1111                        4.0                    2006.0       0   
1112                        9.0                    2013.0       0   
1113                        9.0                    2013.0       0   
1114                        9.0                    2013.0       1   

      Promo2SinceWeek  Promo2SinceYear     PromoInterval  
0                 0.0              0.0                 0  
1                13.0           2010.0   Jan,Apr,Jul,Oct  
2                14.0           2011.0   Jan,Apr,Jul,Oct  
3                 0.0              0.0                 0  
4                 0.0              0.0                 0  
...               ...              ...               ...  
1110             31.0           2013.0   Jan,Apr,Jul,Oct  
1111              0.0              0.0                 0  
1112              0.0              0.0                 0  
1113              0.0              0.0                 0  
1114             22.0           2012.0  Mar,Jun,Sept,Dec  

[1115 rows x 10 columns] datasets successfully
INFO:root:Joining store data to train and test datasets succefully
INFO:root:Changing non-numeric to numeric values, successfully
INFO:root:Changing non-numeric to numeric values, successfully
INFO:root:Changing non-numeric to numeric values, successfully
INFO:root:Changing non-numeric to numeric values, successfully
INFO:root:Changing non-numeric to numeric values, successfully
INFO:root:Dataset Normalizing successfully
INFO:root:Testing Loggings
ERROR:root:Exception in main()
Traceback (most recent call last):
  File "<ipython-input-2-8e3e74864ecc>", line 14, in <module>
    exit(main())
NameError: name 'main' is not defined
INFO:root:train Dataset read successfully
INFO:root:test Dataset read successfully
INFO:root:sample_submission Dataset read successfully
INFO:root:store Dataset read successfully
INFO:root:train Dataset read successfully
INFO:root:store Dataset read successfully
INFO:root:test Dataset read successfully
INFO:root:sample_submission Dataset read successfully
INFO:numexpr.utils:NumExpr defaulting to 4 threads.
INFO:root:Adding days_to/from holiday to          Store  DayOfWeek       Date  Sales  Customers  Open  Promo  \
0            1          5 2015-07-31   5263        555     1      1   
1            2          5 2015-07-31   6064        625     1      1   
2            3          5 2015-07-31   8314        821     1      1   
3            4          5 2015-07-31  13995       1498     1      1   
4            5          5 2015-07-31   4822        559     1      1   
...        ...        ...        ...    ...        ...   ...    ...   
1017204   1111          2 2013-01-01      0          0     0      0   
1017205   1112          2 2013-01-01      0          0     0      0   
1017206   1113          2 2013-01-01      0          0     0      0   
1017207   1114          2 2013-01-01      0          0     0      0   
1017208   1115          2 2013-01-01      0          0     0      0   

        StateHoliday  SchoolHoliday  Year  Month  Day  WeekOfYear  \
0                  0              1  2015      7   31          31   
1                  0              1  2015      7   31          31   
2                  0              1  2015      7   31          31   
3                  0              1  2015      7   31          31   
4                  0              1  2015      7   31          31   
...              ...            ...   ...    ...  ...         ...   
1017204            a              1  2013      1    1           1   
1017205            a              1  2013      1    1           1   
1017206            a              1  2013      1    1           1   
1017207            a              1  2013      1    1           1   
1017208            a              1  2013      1    1           1   

         Weekofmonth  days_to_from_hol  
0                  5                57  
1                  5                57  
2                  5                57  
3                  5                57  
4                  5                57  
...              ...               ...  
1017204            1                 0  
1017205            1                 0  
1017206            1                 0  
1017207            1                 0  
1017208            1                 0  

[1017209 rows x 15 columns] dataset, successfully
INFO:root:Adding days_to/from holiday to           Id  Store  DayOfWeek       Date  Open  Promo StateHoliday  \
0          1      1          4 2015-09-17   1.0      1            0   
1          2      3          4 2015-09-17   1.0      1            0   
2          3      7          4 2015-09-17   1.0      1            0   
3          4      8          4 2015-09-17   1.0      1            0   
4          5      9          4 2015-09-17   1.0      1            0   
...      ...    ...        ...        ...   ...    ...          ...   
41083  41084   1111          6 2015-08-01   1.0      0            0   
41084  41085   1112          6 2015-08-01   1.0      0            0   
41085  41086   1113          6 2015-08-01   1.0      0            0   
41086  41087   1114          6 2015-08-01   1.0      0            0   
41087  41088   1115          6 2015-08-01   1.0      0            0   

       SchoolHoliday  Year  Month  Day  WeekOfYear  Weekofmonth  \
0                  0  2015      9   17          38            3   
1                  0  2015      9   17          38            3   
2                  0  2015      9   17          38            3   
3                  0  2015      9   17          38            3   
4                  0  2015      9   17          38            3   
...              ...   ...    ...  ...         ...          ...   
41083              0  2015      8    1          31            1   
41084              0  2015      8    1          31            1   
41085              0  2015      8    1          31            1   
41086              0  2015      8    1          31            1   
41087              1  2015      8    1          31            1   

       days_to_from_hol  
0                    33  
1                    33  
2                    33  
3                    33  
4                    33  
...                 ...  
41083                14  
41084                14  
41085                14  
41086                14  
41087                14  

[41088 rows x 14 columns] dataset, successfully
INFO:root: Joining          Store  DayOfWeek       Date  Sales  Customers  Open  Promo  \
0            1          5 2015-07-31   5263        555     1      1   
1            2          5 2015-07-31   6064        625     1      1   
2            3          5 2015-07-31   8314        821     1      1   
3            4          5 2015-07-31  13995       1498     1      1   
4            5          5 2015-07-31   4822        559     1      1   
...        ...        ...        ...    ...        ...   ...    ...   
1017204   1111          2 2013-01-01      0          0     0      0   
1017205   1112          2 2013-01-01      0          0     0      0   
1017206   1113          2 2013-01-01      0          0     0      0   
1017207   1114          2 2013-01-01      0          0     0      0   
1017208   1115          2 2013-01-01      0          0     0      0   

        StateHoliday  SchoolHoliday  Year  Month  Day  WeekOfYear  \
0                  0              1  2015      7   31          31   
1                  0              1  2015      7   31          31   
2                  0              1  2015      7   31          31   
3                  0              1  2015      7   31          31   
4                  0              1  2015      7   31          31   
...              ...            ...   ...    ...  ...         ...   
1017204            a              1  2013      1    1           1   
1017205            a              1  2013      1    1           1   
1017206            a              1  2013      1    1           1   
1017207            a              1  2013      1    1           1   
1017208            a              1  2013      1    1           1   

         Weekofmonth  days_to_from_hol  
0                  5                57  
1                  5                57  
2                  5                57  
3                  5                57  
4                  5                57  
...              ...               ...  
1017204            1                 0  
1017205            1                 0  
1017206            1                 0  
1017207            1                 0  
1017208            1                 0  

[1017209 rows x 15 columns] and       Store StoreType Assortment  CompetitionDistance  \
0         1         c          a               1270.0   
1         2         a          a                570.0   
2         3         a          a              14130.0   
3         4         c          c                620.0   
4         5         a          a              29910.0   
...     ...       ...        ...                  ...   
1110   1111         a          a               1900.0   
1111   1112         c          c               1880.0   
1112   1113         a          c               9260.0   
1113   1114         a          c                870.0   
1114   1115         d          c               5350.0   

      CompetitionOpenSinceMonth  CompetitionOpenSinceYear  Promo2  \
0                           9.0                    2008.0       0   
1                          11.0                    2007.0       1   
2                          12.0                    2006.0       1   
3                           9.0                    2009.0       0   
4                           4.0                    2015.0       0   
...                         ...                       ...     ...   
1110                        6.0                    2014.0       1   
1111                        4.0                    2006.0       0   
1112                        9.0                    2013.0       0   
1113                        9.0                    2013.0       0   
1114                        9.0                    2013.0       1   

      Promo2SinceWeek  Promo2SinceYear     PromoInterval  
0                 0.0              0.0                 0  
1                13.0           2010.0   Jan,Apr,Jul,Oct  
2                14.0           2011.0   Jan,Apr,Jul,Oct  
3                 0.0              0.0                 0  
4                 0.0              0.0                 0  
...               ...              ...               ...  
1110             31.0           2013.0   Jan,Apr,Jul,Oct  
1111              0.0              0.0                 0  
1112              0.0              0.0                 0  
1113              0.0              0.0                 0  
1114             22.0           2012.0  Mar,Jun,Sept,Dec  

[1115 rows x 10 columns] datasets successfully
INFO:root:Joining store data to train and test datasets succefully
INFO:root:Changing non-numeric to numeric values, successfully
INFO:root:Changing non-numeric to numeric values, successfully
INFO:root:Changing non-numeric to numeric values, successfully
INFO:root:Changing non-numeric to numeric values, successfully
INFO:root:Changing non-numeric to numeric values, successfully
INFO:root:Dataset Normalizing successfully
